<?xml version="1.0" encoding="UTF-8"?>
<!-- Generated by org.testng.reporters.JUnitXMLReporter -->
<testsuite hostname="DELL-XPS" ignored="0" name="Bank Manager Login Test" tests="1" failures="1" timestamp="2020-07-30T13:44:08 IST" time="16.872" errors="0">
  <testcase name="loginAsBankManager" time="16.66" classname="testcases.BankMangerLoginTest">
    <failure type="java.lang.AssertionError" message="Add Customer Button not Exist expected [true] but found [false]">
      <![CDATA[java.lang.AssertionError: Add Customer Button not Exist expected [true] but found [false]
at testcases.BankMangerLoginTest.loginAsBankManager(BankMangerLoginTest.java:14)
at java.util.ArrayList.forEach(Unknown Source)
... Removed 30 stack frames]]>
    </failure>
  </testcase> <!-- loginAsBankManager -->
</testsuite> <!-- Bank Manager Login Test -->
